<?xml version="1.0" encoding="UTF-8"?>
<testsuite xmlns:xsi="http://www.w3.org/2001/XMLSchema-instance" xsi:noNamespaceSchemaLocation="https://maven.apache.org/surefire/maven-surefire-plugin/xsd/surefire-test-report.xsd" name="geocoding.AddressResolverTest" time="0.353" tests="2" errors="0" skipped="0" failures="0">
  <properties>
[...]
</properties>
  <testcase name="whenBadCoordidates_thenReturnNoValidAddress" classname="geocoding.AddressResolverTest" time="0.307"/>
  <testcase name="whenResolveAlboiGps_returnCaisAlboiAddress" classname="geocoding.AddressResolverTest" time="0.028"/>
</testsuite>